2026-03-02 20:13:35 [main] INFO  com.example.demo.Demo1Application - [userId=] Starting Demo1Application using Java 25.0.2 with PID 38456 (/home/tafsirrubaiyat/IdeaProjects/ostad/log/target/classes started by tafsirrubaiyat in /home/tafsirrubaiyat/IdeaProjects/ostad/log)
2026-03-02 20:13:35 [main] DEBUG com.example.demo.Demo1Application - [userId=] Running with Spring Boot v4.0.2, Spring v7.0.3
2026-03-02 20:13:35 [main] INFO  com.example.demo.Demo1Application - [userId=] No active profile set, falling back to 1 default profile: "default"
2026-03-02 20:13:35 [background-preinit] INFO  org.hibernate.validator.internal.util.Version - [userId=] HV000001: Hibernate Validator 9.0.1.Final
2026-03-02 20:13:35 [main] INFO  org.springframework.data.repository.config.RepositoryConfigurationDelegate - [userId=] Bootstrapping Spring Data JPA repositories in DEFAULT mode.
2026-03-02 20:13:35 [main] INFO  org.springframework.data.repository.config.RepositoryConfigurationDelegate - [userId=] Finished Spring Data repository scanning in 31 ms. Found 1 JPA repository interface.
2026-03-02 20:13:36 [main] INFO  org.springframework.boot.tomcat.TomcatWebServer - [userId=] Tomcat initialized with port 8080 (http)
2026-03-02 20:13:36 [main] INFO  org.apache.coyote.http11.Http11NioProtocol - [userId=] Initializing ProtocolHandler ["http-nio-8080"]
2026-03-02 20:13:36 [main] INFO  org.apache.catalina.core.StandardService - [userId=] Starting service [Tomcat]
2026-03-02 20:13:36 [main] INFO  org.apache.catalina.core.StandardEngine - [userId=] Starting Servlet engine: [Apache Tomcat/11.0.15]
2026-03-02 20:13:36 [main] INFO  org.springframework.boot.web.context.servlet.WebApplicationContextInitializer - [userId=] Root WebApplicationContext: initialization completed in 580 ms
2026-03-02 20:13:36 [main] INFO  org.hibernate.orm.jpa - [userId=] HHH008540: Processing PersistenceUnitInfo [name: default]
2026-03-02 20:13:36 [main] INFO  org.hibernate.orm.core - [userId=] HHH000001: Hibernate ORM core version 7.2.1.Final
2026-03-02 20:13:36 [main] INFO  org.springframework.orm.jpa.persistenceunit.SpringPersistenceUnitInfo - [userId=] No LoadTimeWeaver setup: ignoring JPA class transformer
2026-03-02 20:13:36 [main] INFO  com.zaxxer.hikari.HikariDataSource - [userId=] HikariPool-1 - Starting...
2026-03-02 20:13:36 [main] INFO  com.zaxxer.hikari.pool.HikariPool - [userId=] HikariPool-1 - Added connection org.postgresql.jdbc.PgConnection@543ac221
2026-03-02 20:13:36 [main] INFO  com.zaxxer.hikari.HikariDataSource - [userId=] HikariPool-1 - Start completed.
2026-03-02 20:13:36 [main] WARN  org.hibernate.orm.deprecation - [userId=] HHH90000025: PostgreSQLDialect does not need to be specified explicitly using 'hibernate.dialect' (remove the property setting and it will be selected by default)
2026-03-02 20:13:36 [main] INFO  org.hibernate.orm.connections.pooling - [userId=] HHH10001005: Database info:
	Database JDBC URL [jdbc:postgresql://localhost:5432/postgres]
	Database driver: PostgreSQL JDBC Driver
	Database dialect: PostgreSQLDialect
	Database version: 14.20
	Default catalog/schema: postgres/public
	Autocommit mode: undefined/unknown
	Isolation level: READ_COMMITTED [default READ_COMMITTED]
	JDBC fetch size: none
	Pool: DataSourceConnectionProvider
	Minimum pool size: undefined/unknown
	Maximum pool size: undefined/unknown
2026-03-02 20:13:37 [main] INFO  org.hibernate.orm.core - [userId=] HHH000489: No JTA platform available (set 'hibernate.transaction.jta.platform' to enable JTA platform integration)
2026-03-02 20:13:37 [main] INFO  org.springframework.orm.jpa.LocalContainerEntityManagerFactoryBean - [userId=] Initialized JPA EntityManagerFactory for persistence unit 'default'
2026-03-02 20:13:37 [main] INFO  org.springframework.data.jpa.repository.query.QueryEnhancerFactories - [userId=] Hibernate is in classpath; If applicable, HQL parser will be used.
2026-03-02 20:13:37 [main] WARN  org.springframework.boot.jpa.autoconfigure.JpaBaseConfiguration$JpaWebConfiguration - [userId=] spring.jpa.open-in-view is enabled by default. Therefore, database queries may be performed during view rendering. Explicitly configure spring.jpa.open-in-view to disable this warning
2026-03-02 20:13:37 [main] INFO  org.apache.coyote.http11.Http11NioProtocol - [userId=] Starting ProtocolHandler ["http-nio-8080"]
2026-03-02 20:13:37 [main] INFO  org.springframework.boot.tomcat.TomcatWebServer - [userId=] Tomcat started on port 8080 (http) with context path '/'
2026-03-02 20:13:37 [main] INFO  com.example.demo.Demo1Application - [userId=] Started Demo1Application in 2.528 seconds (process running for 3.23)
2026-03-02 20:13:45 [http-nio-8080-exec-2] INFO  org.apache.catalina.core.ContainerBase.[Tomcat].[localhost].[/] - [userId=] Initializing Spring DispatcherServlet 'dispatcherServlet'
2026-03-02 20:13:45 [http-nio-8080-exec-2] INFO  org.springframework.web.servlet.DispatcherServlet - [userId=] Initializing Servlet 'dispatcherServlet'
2026-03-02 20:13:45 [http-nio-8080-exec-2] INFO  org.springframework.web.servlet.DispatcherServlet - [userId=] Completed initialization in 1 ms
2026-03-02 20:13:45 [http-nio-8080-exec-2] INFO  com.example.demo.service.UserService - [userId=Tafsir Rahman] User found: Tafsir Rahman
2026-03-02 20:13:45 [http-nio-8080-exec-2] WARN  com.example.demo.service.UserService - [userId=Tafsir Rahman] sfdsfs
2026-03-02 20:14:53 [SpringApplicationShutdownHook] INFO  org.springframework.boot.tomcat.GracefulShutdown - [userId=] Commencing graceful shutdown. Waiting for active requests to complete
2026-03-02 20:14:53 [tomcat-shutdown] INFO  org.springframework.boot.tomcat.GracefulShutdown - [userId=] Graceful shutdown complete
2026-03-02 20:14:53 [SpringApplicationShutdownHook] INFO  org.springframework.orm.jpa.LocalContainerEntityManagerFactoryBean - [userId=] Closing JPA EntityManagerFactory for persistence unit 'default'
2026-03-02 20:14:53 [SpringApplicationShutdownHook] INFO  com.zaxxer.hikari.HikariDataSource - [userId=] HikariPool-1 - Shutdown initiated...
2026-03-02 20:14:53 [SpringApplicationShutdownHook] INFO  com.zaxxer.hikari.HikariDataSource - [userId=] HikariPool-1 - Shutdown completed.
